<?xml version="1.0" encoding="UTF-8"?>
<testng-results ignored="0" total="1" passed="1" failed="0" skipped="0">
  <reporter-output>
  </reporter-output>
  <suite started-at="2024-03-14T11:25:23 IST" name="Default suite" finished-at="2024-03-14T11:25:30 IST" duration-ms="7387">
    <groups>
    </groups>
    <test started-at="2024-03-14T11:25:23 IST" name="Default test" finished-at="2024-03-14T11:25:30 IST" duration-ms="7387">
      <class name="com.testsuite.test1">
        <test-method signature="beforetest()[pri:0, instance:com.testsuite.test1@c88a337]" started-at="2024-03-14T11:25:23 IST" name="beforetest" finished-at="2024-03-14T11:25:30 IST" duration-ms="7308" status="PASS">
          <reporter-output>
          </reporter-output>
        </test-method> <!-- beforetest -->
      </class> <!-- com.testsuite.test1 -->
    </test> <!-- Default test -->
  </suite> <!-- Default suite -->
</testng-results>
